1537243248402	geckodriver	INFO	geckodriver 0.21.0
1537243248417	geckodriver	INFO	Listening on 127.0.0.1:39861
1537243249397	mozrunner::runner	INFO	Running command: "/usr/bin/firefox" "-marionette" "-foreground" "-no-remote" "-profile" "/tmp/rust_mozprofile.PMxY8P9x8US8"
1537243258669	Marionette	INFO	Listening on port 43431
1537243258739	Marionette	WARN	TLS certificate errors will be ignored for this session
1537243258780	Marionette	DEBUG	[2147483649] Frame script loaded
1537243258847	Marionette	DEBUG	[2147483649] Frame script registered
1537243258867	Marionette	DEBUG	[2147483649] Received DOM event beforeunload for about:blank
1537243258945	Marionette	DEBUG	[2147483649] Received DOM event beforeunload for about:blank
1537243259007	Marionette	DEBUG	[2147483649] Received DOM event pagehide for about:blank
1537243259308	Marionette	DEBUG	[2147483649] Received DOM event DOMContentLoaded for about:neterror?e=connectionFailure&u=http%3A//localhost%3A8000/&c=UTF-8&f=regular&d=Firefox%20can%E2%80%99t%20establish%20a%20connection%20to%20the%20server%20at%20localhost%3A8000.
1537243259329	Marionette	INFO	Stopped listening on port 43431
1537243259357	addons.xpi	WARN	Exception running bootstrap method shutdown on activity-stream@mozilla.org: [Exception... "Component returned failure code: 0x80070057 (NS_ERROR_ILLEGAL_VALUE) [nsIPrefBranch.removeObserver]"  nsresult: "0x80070057 (NS_ERROR_ILLEGAL_VALUE)"  location: "JS frame :: resource://activity-stream/lib/ActivityStreamPrefs.jsm :: ignoreBranch :: line 29"  data: no] Stack trace: ignoreBranch()@resource://activity-stream/lib/ActivityStreamPrefs.jsm:29
uninit()@resource://activity-stream/lib/Store.jsm:172
uninit()@resource://activity-stream/lib/ActivityStream.jsm:363
uninit()@resource://gre/modules/addons/XPIProvider.jsm -> jar:file:///usr/lib/firefox/browser/features/activity-stream@mozilla.org.xpi!/bootstrap.js:86
shutdown()@resource://gre/modules/addons/XPIProvider.jsm -> jar:file:///usr/lib/firefox/browser/features/activity-stream@mozilla.org.xpi!/bootstrap.js:194
callBootstrapMethod()@resource://gre/modules/addons/XPIProvider.jsm:1588
_shutdown()@resource://gre/modules/addons/XPIProvider.jsm:1724
observe()@resource://gre/modules/AsyncShutdown.jsm:541
GeckoDriver.prototype.quit()@driver.js:3319
despatch()@server.js:297
execute()@server.js:271
onPacket/<()@server.js:246
onPacket()@server.js:245
_onJSONObjectReady/<()@transport.js:500
console.error: PushService: 
  clearOriginData: Error clearing origin data:
  AbortError
console.error: PushService: 
  stateChangeProcessEnqueue: Error transitioning state
  AbortError

###!!! [Parent][DispatchAsyncMessage] Error: PBackgroundIDBFactory::Msg_PBackgroundIDBFactoryRequestConstructor Value error: message was deserialized, but contained an illegal value


###!!! [Parent][DispatchAsyncMessage] Error: PBackgroundIDBFactory::Msg_PBackgroundIDBFactoryRequestConstructor Value error: message was deserialized, but contained an illegal value

1537249763035	geckodriver	INFO	geckodriver 0.21.0
1537249763041	geckodriver	INFO	Listening on 127.0.0.1:34173
1537249764043	mozrunner::runner	INFO	Running command: "/usr/bin/firefox" "-marionette" "-foreground" "-no-remote" "-profile" "/tmp/rust_mozprofile.HcS4rtlmPtgT"
1537249766730	Marionette	INFO	Listening on port 39861
1537249766763	Marionette	WARN	TLS certificate errors will be ignored for this session
1537249766807	Marionette	DEBUG	[2147483649] Frame script loaded
1537249766811	Marionette	DEBUG	[2147483649] Frame script registered
1537249766844	Marionette	DEBUG	[2147483649] Received DOM event beforeunload for about:blank
1537249766852	Marionette	DEBUG	[2147483649] Received DOM event beforeunload for about:blank
1537249766854	Marionette	DEBUG	[2147483649] Received DOM event pagehide for about:blank
1537249766878	Marionette	DEBUG	[2147483649] Received DOM event DOMContentLoaded for about:neterror?e=connectionFailure&u=http%3A//localhost%3A8000/&c=UTF-8&f=regular&d=Firefox%20can%E2%80%99t%20establish%20a%20connection%20to%20the%20server%20at%20localhost%3A8000.
1537249766910	Marionette	INFO	Stopped listening on port 39861
1537249766939	addons.xpi	WARN	Exception running bootstrap method shutdown on activity-stream@mozilla.org: [Exception... "Component returned failure code: 0x80070057 (NS_ERROR_ILLEGAL_VALUE) [nsIPrefBranch.removeObserver]"  nsresult: "0x80070057 (NS_ERROR_ILLEGAL_VALUE)"  location: "JS frame :: resource://activity-stream/lib/ActivityStreamPrefs.jsm :: ignoreBranch :: line 29"  data: no] Stack trace: ignoreBranch()@resource://activity-stream/lib/ActivityStreamPrefs.jsm:29
uninit()@resource://activity-stream/lib/Store.jsm:172
uninit()@resource://activity-stream/lib/ActivityStream.jsm:363
uninit()@resource://gre/modules/addons/XPIProvider.jsm -> jar:file:///usr/lib/firefox/browser/features/activity-stream@mozilla.org.xpi!/bootstrap.js:86
shutdown()@resource://gre/modules/addons/XPIProvider.jsm -> jar:file:///usr/lib/firefox/browser/features/activity-stream@mozilla.org.xpi!/bootstrap.js:194
callBootstrapMethod()@resource://gre/modules/addons/XPIProvider.jsm:1588
_shutdown()@resource://gre/modules/addons/XPIProvider.jsm:1724
observe()@resource://gre/modules/AsyncShutdown.jsm:541
GeckoDriver.prototype.quit()@driver.js:3319
despatch()@server.js:297
execute()@server.js:271
onPacket/<()@server.js:246
onPacket()@server.js:245
_onJSONObjectReady/<()@transport.js:500
[Parent 16457, Gecko_IOThread] WARNING: pipe error (57): Connection reset by peer: file /build/firefox-LCnNpq/firefox-62.0+build2/ipc/chromium/src/chrome/common/ipc_channel_posix.cc, line 353
console.error: PushService: 
  clearOriginData: Error clearing origin data:
  UnknownError
console.error: PushService: 
  stateChangeProcessEnqueue: Error transitioning state
  UnknownError

###!!! [Parent][DispatchAsyncMessage] Error: PBackgroundIDBFactory::Msg_PBackgroundIDBFactoryRequestConstructor Value error: message was deserialized, but contained an illegal value


###!!! [Parent][DispatchAsyncMessage] Error: PBackgroundIDBFactory::Msg_PBackgroundIDBFactoryRequestConstructor Value error: message was deserialized, but contained an illegal value

1537249817423	geckodriver	INFO	geckodriver 0.21.0
1537249817429	geckodriver	INFO	Listening on 127.0.0.1:59941
1537249818431	mozrunner::runner	INFO	Running command: "/usr/bin/firefox" "-marionette" "-foreground" "-no-remote" "-profile" "/tmp/rust_mozprofile.lIMrdIKObTam"
1537249820927	Marionette	INFO	Listening on port 40487
1537249820953	Marionette	WARN	TLS certificate errors will be ignored for this session
1537249820995	Marionette	DEBUG	[2147483649] Frame script loaded
1537249820996	Marionette	DEBUG	[2147483649] Frame script registered
1537249821020	Marionette	DEBUG	[2147483649] Received DOM event beforeunload for about:blank
1537249821116	Marionette	DEBUG	[2147483649] Received DOM event pagehide for about:blank
1537249821130	Marionette	DEBUG	[2147483649] Received DOM event DOMContentLoaded for http://localhost:8000/
1537249821329	Marionette	DEBUG	[2147483649] Received DOM event pageshow for http://localhost:8000/
1537249821393	Marionette	INFO	Stopped listening on port 40487
1537249821420	addons.xpi	WARN	Exception running bootstrap method shutdown on activity-stream@mozilla.org: [Exception... "Component returned failure code: 0x80070057 (NS_ERROR_ILLEGAL_VALUE) [nsIPrefBranch.removeObserver]"  nsresult: "0x80070057 (NS_ERROR_ILLEGAL_VALUE)"  location: "JS frame :: resource://activity-stream/lib/ActivityStreamPrefs.jsm :: ignoreBranch :: line 29"  data: no] Stack trace: ignoreBranch()@resource://activity-stream/lib/ActivityStreamPrefs.jsm:29
uninit()@resource://activity-stream/lib/Store.jsm:172
uninit()@resource://activity-stream/lib/ActivityStream.jsm:363
uninit()@resource://gre/modules/addons/XPIProvider.jsm -> jar:file:///usr/lib/firefox/browser/features/activity-stream@mozilla.org.xpi!/bootstrap.js:86
shutdown()@resource://gre/modules/addons/XPIProvider.jsm -> jar:file:///usr/lib/firefox/browser/features/activity-stream@mozilla.org.xpi!/bootstrap.js:194
callBootstrapMethod()@resource://gre/modules/addons/XPIProvider.jsm:1588
_shutdown()@resource://gre/modules/addons/XPIProvider.jsm:1724
observe()@resource://gre/modules/AsyncShutdown.jsm:541
GeckoDriver.prototype.quit()@driver.js:3319
despatch()@server.js:297
execute()@server.js:271
onPacket/<()@server.js:246
onPacket()@server.js:245
_onJSONObjectReady/<()@transport.js:500
JavaScript error: resource://gre/modules/JSONFile.jsm, line 159: Error: Data is not ready.
console.error: PushService: 
  clearOriginData: Error clearing origin data:
  UnknownError
console.error: PushService: 
  stateChangeProcessEnqueue: Error transitioning state
  UnknownError

###!!! [Parent][DispatchAsyncMessage] Error: PBackgroundIDBFactory::Msg_PBackgroundIDBFactoryRequestConstructor Value error: message was deserialized, but contained an illegal value


###!!! [Parent][DispatchAsyncMessage] Error: PBackgroundIDBFactory::Msg_PBackgroundIDBFactoryRequestConstructor Value error: message was deserialized, but contained an illegal value

1537250129935	geckodriver	INFO	geckodriver 0.21.0
1537250129940	geckodriver	INFO	Listening on 127.0.0.1:47011
1537250130943	mozrunner::runner	INFO	Running command: "/usr/bin/firefox" "-marionette" "-foreground" "-no-remote" "-profile" "/tmp/rust_mozprofile.Slg9GLAjLFqt"
1537250133936	Marionette	INFO	Listening on port 38373
1537250133953	Marionette	WARN	TLS certificate errors will be ignored for this session
1537250133994	Marionette	DEBUG	[2147483649] Frame script loaded
1537250133995	Marionette	DEBUG	[2147483649] Frame script registered
1537250134031	Marionette	DEBUG	[2147483649] Received DOM event beforeunload for about:blank
1537250134100	Marionette	DEBUG	[2147483649] Received DOM event pagehide for about:blank
1537250134112	Marionette	DEBUG	[2147483649] Received DOM event DOMContentLoaded for http://localhost:8000/
1537250134207	Marionette	DEBUG	[2147483649] Received DOM event pageshow for http://localhost:8000/
1537250134221	Marionette	INFO	Stopped listening on port 38373
1537250134251	addons.xpi	WARN	Exception running bootstrap method shutdown on activity-stream@mozilla.org: [Exception... "Component returned failure code: 0x80070057 (NS_ERROR_ILLEGAL_VALUE) [nsIPrefBranch.removeObserver]"  nsresult: "0x80070057 (NS_ERROR_ILLEGAL_VALUE)"  location: "JS frame :: resource://activity-stream/lib/ActivityStreamPrefs.jsm :: ignoreBranch :: line 29"  data: no] Stack trace: ignoreBranch()@resource://activity-stream/lib/ActivityStreamPrefs.jsm:29
uninit()@resource://activity-stream/lib/Store.jsm:172
uninit()@resource://activity-stream/lib/ActivityStream.jsm:363
uninit()@resource://gre/modules/addons/XPIProvider.jsm -> jar:file:///usr/lib/firefox/browser/features/activity-stream@mozilla.org.xpi!/bootstrap.js:86
shutdown()@resource://gre/modules/addons/XPIProvider.jsm -> jar:file:///usr/lib/firefox/browser/features/activity-stream@mozilla.org.xpi!/bootstrap.js:194
callBootstrapMethod()@resource://gre/modules/addons/XPIProvider.jsm:1588
_shutdown()@resource://gre/modules/addons/XPIProvider.jsm:1724
observe()@resource://gre/modules/AsyncShutdown.jsm:541
GeckoDriver.prototype.quit()@driver.js:3319
despatch()@server.js:297
execute()@server.js:271
onPacket/<()@server.js:246
onPacket()@server.js:245
_onJSONObjectReady/<()@transport.js:500
[Parent 17098, Gecko_IOThread] WARNING: pipe error (57): Connection reset by peer: file /build/firefox-LCnNpq/firefox-62.0+build2/ipc/chromium/src/chrome/common/ipc_channel_posix.cc, line 353
console.error: PushService: 
  clearOriginData: Error clearing origin data:
  UnknownError
console.error: PushService: 
  stateChangeProcessEnqueue: Error transitioning state
  UnknownError

###!!! [Parent][DispatchAsyncMessage] Error: PBackgroundIDBFactory::Msg_PBackgroundIDBFactoryRequestConstructor Value error: message was deserialized, but contained an illegal value


###!!! [Parent][DispatchAsyncMessage] Error: PBackgroundIDBFactory::Msg_PBackgroundIDBFactoryRequestConstructor Value error: message was deserialized, but contained an illegal value

1537250246130	geckodriver	INFO	geckodriver 0.21.0
1537250246135	geckodriver	INFO	Listening on 127.0.0.1:45021
1537250247138	mozrunner::runner	INFO	Running command: "/usr/bin/firefox" "-marionette" "-foreground" "-no-remote" "-profile" "/tmp/rust_mozprofile.R8hiCOo7ntV4"
1537250249640	Marionette	INFO	Listening on port 42091
1537250249657	Marionette	WARN	TLS certificate errors will be ignored for this session
1537250249704	Marionette	DEBUG	[2147483649] Frame script loaded
1537250249705	Marionette	DEBUG	[2147483649] Frame script registered
1537250249732	Marionette	DEBUG	[2147483649] Received DOM event beforeunload for about:blank
1537250249796	Marionette	DEBUG	[2147483649] Received DOM event pagehide for about:blank
1537250249807	Marionette	DEBUG	[2147483649] Received DOM event DOMContentLoaded for http://localhost:8000/
1537250249898	Marionette	DEBUG	[2147483649] Received DOM event pageshow for http://localhost:8000/
1537250249929	Marionette	INFO	Stopped listening on port 42091
1537250249963	addons.xpi	WARN	Exception running bootstrap method shutdown on activity-stream@mozilla.org: [Exception... "Component returned failure code: 0x80070057 (NS_ERROR_ILLEGAL_VALUE) [nsIPrefBranch.removeObserver]"  nsresult: "0x80070057 (NS_ERROR_ILLEGAL_VALUE)"  location: "JS frame :: resource://activity-stream/lib/ActivityStreamPrefs.jsm :: ignoreBranch :: line 29"  data: no] Stack trace: ignoreBranch()@resource://activity-stream/lib/ActivityStreamPrefs.jsm:29
uninit()@resource://activity-stream/lib/Store.jsm:172
uninit()@resource://activity-stream/lib/ActivityStream.jsm:363
uninit()@resource://gre/modules/addons/XPIProvider.jsm -> jar:file:///usr/lib/firefox/browser/features/activity-stream@mozilla.org.xpi!/bootstrap.js:86
shutdown()@resource://gre/modules/addons/XPIProvider.jsm -> jar:file:///usr/lib/firefox/browser/features/activity-stream@mozilla.org.xpi!/bootstrap.js:194
callBootstrapMethod()@resource://gre/modules/addons/XPIProvider.jsm:1588
_shutdown()@resource://gre/modules/addons/XPIProvider.jsm:1724
observe()@resource://gre/modules/AsyncShutdown.jsm:541
GeckoDriver.prototype.quit()@driver.js:3319
despatch()@server.js:297
execute()@server.js:271
onPacket/<()@server.js:246
onPacket()@server.js:245
_onJSONObjectReady/<()@transport.js:500
[Parent 17359, Gecko_IOThread] WARNING: pipe error (64): Connection reset by peer: file /build/firefox-LCnNpq/firefox-62.0+build2/ipc/chromium/src/chrome/common/ipc_channel_posix.cc, line 353
console.error: (new Error("Connection closed before committing the transaction.", "resource://gre/modules/Sqlite.jsm", 632))
console.error: (new Error("Transaction canceled due to a closed connection.", "resource://gre/modules/Sqlite.jsm", 569))
console.error: PushService: 
  clearOriginData: Error clearing origin data:
  UnknownError
console.error: PushService: 
  stateChangeProcessEnqueue: Error transitioning state
  UnknownError

###!!! [Parent][DispatchAsyncMessage] Error: PBackgroundIDBFactory::Msg_PBackgroundIDBFactoryRequestConstructor Value error: message was deserialized, but contained an illegal value


###!!! [Parent][DispatchAsyncMessage] Error: PBackgroundIDBFactory::Msg_PBackgroundIDBFactoryRequestConstructor Value error: message was deserialized, but contained an illegal value

1537250260964	geckodriver	INFO	geckodriver 0.21.0
1537250260970	geckodriver	INFO	Listening on 127.0.0.1:54861
1537250261972	mozrunner::runner	INFO	Running command: "/usr/bin/firefox" "-marionette" "-foreground" "-no-remote" "-profile" "/tmp/rust_mozprofile.O285gT2Irdfs"
1537250264575	Marionette	INFO	Listening on port 41269
1537250264598	Marionette	WARN	TLS certificate errors will be ignored for this session
1537250264650	Marionette	DEBUG	[2147483649] Frame script loaded
1537250264654	Marionette	DEBUG	[2147483649] Frame script registered
1537250264685	Marionette	DEBUG	[2147483649] Received DOM event beforeunload for about:blank
1537250264771	Marionette	DEBUG	[2147483649] Received DOM event pagehide for about:blank
1537250264781	Marionette	DEBUG	[2147483649] Received DOM event DOMContentLoaded for http://localhost:8000/
1537250264875	Marionette	DEBUG	[2147483649] Received DOM event pageshow for http://localhost:8000/
1537250264885	Marionette	INFO	Stopped listening on port 41269
1537250264919	addons.xpi	WARN	Exception running bootstrap method shutdown on activity-stream@mozilla.org: [Exception... "Component returned failure code: 0x80070057 (NS_ERROR_ILLEGAL_VALUE) [nsIPrefBranch.removeObserver]"  nsresult: "0x80070057 (NS_ERROR_ILLEGAL_VALUE)"  location: "JS frame :: resource://activity-stream/lib/ActivityStreamPrefs.jsm :: ignoreBranch :: line 29"  data: no] Stack trace: ignoreBranch()@resource://activity-stream/lib/ActivityStreamPrefs.jsm:29
uninit()@resource://activity-stream/lib/Store.jsm:172
uninit()@resource://activity-stream/lib/ActivityStream.jsm:363
uninit()@resource://gre/modules/addons/XPIProvider.jsm -> jar:file:///usr/lib/firefox/browser/features/activity-stream@mozilla.org.xpi!/bootstrap.js:86
shutdown()@resource://gre/modules/addons/XPIProvider.jsm -> jar:file:///usr/lib/firefox/browser/features/activity-stream@mozilla.org.xpi!/bootstrap.js:194
callBootstrapMethod()@resource://gre/modules/addons/XPIProvider.jsm:1588
_shutdown()@resource://gre/modules/addons/XPIProvider.jsm:1724
observe()@resource://gre/modules/AsyncShutdown.jsm:541
GeckoDriver.prototype.quit()@driver.js:3319
despatch()@server.js:297
execute()@server.js:271
onPacket/<()@server.js:246
onPacket()@server.js:245
_onJSONObjectReady/<()@transport.js:500
[Parent 17575, Gecko_IOThread] WARNING: pipe error (57): Connection reset by peer: file /build/firefox-LCnNpq/firefox-62.0+build2/ipc/chromium/src/chrome/common/ipc_channel_posix.cc, line 353
console.error: PushService: 
  clearOriginData: Error clearing origin data:
  UnknownError
console.error: PushService: 
  stateChangeProcessEnqueue: Error transitioning state
  UnknownError

###!!! [Parent][DispatchAsyncMessage] Error: PBackgroundIDBFactory::Msg_PBackgroundIDBFactoryRequestConstructor Value error: message was deserialized, but contained an illegal value


###!!! [Parent][DispatchAsyncMessage] Error: PBackgroundIDBFactory::Msg_PBackgroundIDBFactoryRequestConstructor Value error: message was deserialized, but contained an illegal value

1537250997669	geckodriver	INFO	geckodriver 0.21.0
1537250997675	geckodriver	INFO	Listening on 127.0.0.1:36077
1537250998677	mozrunner::runner	INFO	Running command: "/usr/bin/firefox" "-marionette" "-foreground" "-no-remote" "-profile" "/tmp/rust_mozprofile.UEAWByuTjrMi"
1537251001304	Marionette	INFO	Listening on port 34787
1537251001384	Marionette	WARN	TLS certificate errors will be ignored for this session
1537251001428	Marionette	DEBUG	[2147483649] Frame script loaded
1537251001429	Marionette	DEBUG	[2147483649] Frame script registered
1537251001445	Marionette	DEBUG	[2147483649] Received DOM event beforeunload for about:blank
1537251001454	Marionette	DEBUG	[2147483649] Received DOM event pagehide for about:blank
1537251001460	Marionette	DEBUG	[2147483649] Received DOM event DOMContentLoaded for http://localhost:8000/
1537251001496	Marionette	DEBUG	[2147483649] Received DOM event pageshow for http://localhost:8000/
1537251001517	Marionette	INFO	Stopped listening on port 34787
1537251001546	addons.xpi	WARN	Exception running bootstrap method shutdown on activity-stream@mozilla.org: [Exception... "Component returned failure code: 0x80070057 (NS_ERROR_ILLEGAL_VALUE) [nsIPrefBranch.removeObserver]"  nsresult: "0x80070057 (NS_ERROR_ILLEGAL_VALUE)"  location: "JS frame :: resource://activity-stream/lib/ActivityStreamPrefs.jsm :: ignoreBranch :: line 29"  data: no] Stack trace: ignoreBranch()@resource://activity-stream/lib/ActivityStreamPrefs.jsm:29
uninit()@resource://activity-stream/lib/Store.jsm:172
uninit()@resource://activity-stream/lib/ActivityStream.jsm:363
uninit()@resource://gre/modules/addons/XPIProvider.jsm -> jar:file:///usr/lib/firefox/browser/features/activity-stream@mozilla.org.xpi!/bootstrap.js:86
shutdown()@resource://gre/modules/addons/XPIProvider.jsm -> jar:file:///usr/lib/firefox/browser/features/activity-stream@mozilla.org.xpi!/bootstrap.js:194
callBootstrapMethod()@resource://gre/modules/addons/XPIProvider.jsm:1588
_shutdown()@resource://gre/modules/addons/XPIProvider.jsm:1724
observe()@resource://gre/modules/AsyncShutdown.jsm:541
GeckoDriver.prototype.quit()@driver.js:3319
despatch()@server.js:297
execute()@server.js:271
onPacket/<()@server.js:246
onPacket()@server.js:245
_onJSONObjectReady/<()@transport.js:500
console.error: PushService: 
  clearOriginData: Error clearing origin data:
  UnknownError
console.error: PushService: 
  stateChangeProcessEnqueue: Error transitioning state
  UnknownError

###!!! [Parent][DispatchAsyncMessage] Error: PBackgroundIDBFactory::Msg_PBackgroundIDBFactoryRequestConstructor Value error: message was deserialized, but contained an illegal value


###!!! [Parent][DispatchAsyncMessage] Error: PBackgroundIDBFactory::Msg_PBackgroundIDBFactoryRequestConstructor Value error: message was deserialized, but contained an illegal value

